<?xml version="1.0" encoding="UTF-8"?>
<!-- Generated by org.testng.reporters.JUnitReportReporter -->
<testsuite skipped="0" hostname="DESKTOP-66SGQGC" name="com.grid.ChromeTest2" tests="1" failures="0" timestamp="28 Jun 2020 04:22:36 GMT" time="4.526" errors="0">
  <testcase name="test2" time="4.526" classname="com.grid.ChromeTest2"/>
</testsuite> <!-- com.grid.ChromeTest2 -->
