<?xml version="1.0" encoding="UTF-8"?>
<!-- Generated by org.testng.reporters.JUnitReportReporter -->
<testsuite skipped="0" hostname="DESKTOP-66SGQGC" name="com.grid.ChromeTest1" tests="1" failures="0" timestamp="28 Jun 2020 04:22:36 GMT" time="8.645" errors="0">
  <testcase name="test" time="8.645" classname="com.grid.ChromeTest1"/>
</testsuite> <!-- com.grid.ChromeTest1 -->
